<?xml version="1.0" encoding="UTF-8"?>
<!-- Generated by org.testng.reporters.JUnitXMLReporter -->
<testsuite hostname="LAPTOP-9RRPRPJ5" ignored="0" name="Test" tests="2" failures="1" timestamp="2020-09-18T06:36:33 AEST" time="111.329" errors="0">
  <testcase name="TestBlogPage" time="87.897" classname="creditorWatch.tests.BlogPageTest"/>
  <testcase name="TestBlogPageDueDeligience" time="9.66" classname="creditorWatch.tests.BlogPageTest">
    <failure type="java.lang.AssertionError" message="expected [http://www.creditsource.com.au/] but found [https://www.creditsource.com.au/]">
      <![CDATA[java.lang.AssertionError: expected [http://www.creditsource.com.au/] but found [https://www.creditsource.com.au/]
at creditorWatch.pageObjects.BlogPage.verifyLinks(BlogPage.java:92)
at creditorWatch.tests.BlogPageTest.TestBlogPageDueDeligience(BlogPageTest.java:42)
at java.util.ArrayList.forEach(ArrayList.java:1249)
... Removed 33 stack frames]]>
    </failure>
  </testcase> <!-- TestBlogPageDueDeligience -->
</testsuite> <!-- Test -->
